0 verbose cli C:\Program Files\nodejs\node.exe C:\Users\HARSH\Desktop\MERN auction platform\backend\UsersHARSHAppDataRoamingnpm\node_modules\npm\bin\npm-cli.js
1 info using npm@11.5.2
2 info using node@v22.14.0
3 silly config load:file:C:\Users\HARSH\Desktop\MERN auction platform\backend\UsersHARSHAppDataRoamingnpm\node_modules\npm\npmrc
4 silly config load:file:C:\Users\HARSH\Desktop\MERN auction platform\backend\.npmrc
5 silly config load:file:C:\SPB_Data\.npmrc
6 silly config load:file:C:\Users\HARSH\Desktop\MERN auction platform\backend\UsersHARSHAppDataRoamingnpm\etc\npmrc
7 verbose title npm run dev
8 verbose argv "run" "dev"
9 verbose logfile logs-max:10 dir:C:\Users\HARSH\Desktop\MERN auction platform\backend\UsersHARSHAppDataLocalnpm-cache\_logs\2025-09-07T11_03_55_474Z-
10 verbose logfile C:\Users\HARSH\Desktop\MERN auction platform\backend\UsersHARSHAppDataLocalnpm-cache\_logs\2025-09-07T11_03_55_474Z-debug-0.log
11 silly logfile start cleaning logs, removing 1 files
12 silly logfile done cleaning log files
13 verbose cwd C:\Users\HARSH\Desktop\MERN auction platform\backend
14 verbose os Windows_NT 10.0.26100
15 verbose node v22.14.0
16 verbose npm  v11.5.2
17 verbose exit 1
18 verbose code 1
19 error A complete log of this run can be found in: C:\Users\HARSH\Desktop\MERN auction platform\backend\UsersHARSHAppDataLocalnpm-cache\_logs\2025-09-07T11_03_55_474Z-debug-0.log
